::1 - - [05/Jul/2021:16:16:25 +0200] "GET / HTTP/1.1" 200 1920
::1 - - [05/Jul/2021:16:16:25 +0200] "GET /assets/css/bootstrap.min.css HTTP/1.1" 304 -
::1 - - [05/Jul/2021:16:16:25 +0200] "GET /assets/js/bootstrap.bundle.min.js HTTP/1.1" 304 -
::1 - - [05/Jul/2021:16:16:25 +0200] "GET /assets/js/jquery-3.6.0.min.js HTTP/1.1" 304 -
::1 - - [05/Jul/2021:16:16:25 +0200] "GET /assets/img/tres.png HTTP/1.1" 200 170041
::1 - - [05/Jul/2021:16:16:49 +0200] "GET / HTTP/1.1" 200 1915
::1 - - [05/Jul/2021:16:16:51 +0200] "GET /lobby/create?username=Cedriko HTTP/1.1" 200 1197
::1 - - [05/Jul/2021:16:16:51 +0200] "GET /assets/img/user.png HTTP/1.1" 200 60973
::1 - - [05/Jul/2021:16:58:41 +0200] "GET / HTTP/1.1" 200 1915
::1 - - [05/Jul/2021:16:58:44 +0200] "GET /lobby/create?username=Cedriko HTTP/1.1" 200 3326
::1 - - [05/Jul/2021:16:58:44 +0200] "GET /assets/img/user.png HTTP/1.1" 304 -
::1 - - [05/Jul/2021:16:58:44 +0200] "GET /favicon.ico HTTP/1.1" 404 1130
::1 - - [05/Jul/2021:16:59:49 +0200] "GET /lobby/create?username=Cedriko HTTP/1.1" 200 3368
::1 - - [05/Jul/2021:17:01:46 +0200] "GET /lobby/create?username=Cedriko HTTP/1.1" 200 1197
::1 - - [05/Jul/2021:17:01:46 +0200] "GET /assets/icon/tres.ico HTTP/1.1" 200 190142
::1 - - [05/Jul/2021:17:04:36 +0200] "GET / HTTP/1.1" 200 1915
::1 - - [05/Jul/2021:17:04:43 +0200] "GET /ashgcg HTTP/1.1" 200 -
::1 - - [05/Jul/2021:17:06:26 +0200] "GET /a140a5 HTTP/1.1" 200 -
::1 - - [05/Jul/2021:17:06:52 +0200] "GET /a140a5 HTTP/1.1" 200 19
::1 - - [05/Jul/2021:17:07:00 +0200] "GET /a140a5 HTTP/1.1" 200 11
::1 - - [05/Jul/2021:17:07:24 +0200] "GET /a140a5 HTTP/1.1" 200 11
::1 - - [05/Jul/2021:17:07:30 +0200] "GET /a140a5s HTTP/1.1" 307 -
::1 - - [05/Jul/2021:17:07:30 +0200] "GET / HTTP/1.1" 200 1915
