2021-05-03 14:29:09 6064 [Note] Plugin 'FEDERATED' is disabled.
2021-05-03 14:29:09 6064 [Note] InnoDB: Using atomics to ref count buffer pool pages
2021-05-03 14:29:09 6064 [Note] InnoDB: The InnoDB memory heap is disabled
2021-05-03 14:29:09 6064 [Note] InnoDB: Mutexes and rw_locks use Windows interlocked functions
2021-05-03 14:29:09 6064 [Note] InnoDB: Memory barrier is not used
2021-05-03 14:29:09 6064 [Note] InnoDB: Compressed tables use zlib 1.2.3
2021-05-03 14:29:09 6064 [Note] InnoDB: Not using CPU crc32 instructions
2021-05-03 14:29:09 6064 [Note] InnoDB: Initializing buffer pool, size = 128.0M
2021-05-03 14:29:09 6064 [Note] InnoDB: Completed initialization of buffer pool
2021-05-03 14:29:09 6064 [Note] InnoDB: Setting log file G:\usbwebserver\mysql\data\ib_logfile101 size to 5 MB
2021-05-03 14:29:09 6064 [Note] InnoDB: Setting log file G:\usbwebserver\mysql\data\ib_logfile1 size to 5 MB
2021-05-03 14:29:09 6064 [Note] InnoDB: Renaming log file G:\usbwebserver\mysql\data\ib_logfile101 to G:\usbwebserver\mysql\data\ib_logfile0
2021-05-03 14:29:09 6064 [Warning] InnoDB: New log files created, LSN=1626134
2021-05-03 14:29:09 6064 [Note] InnoDB: Highest supported file format is Barracuda.
2021-05-03 14:29:09 2be8 InnoDB: Error: page 5 log sequence number 1626646
InnoDB: is in the future! Current system log sequence number 1626636.
InnoDB: Your database may be corrupt or you may have copied the InnoDB
InnoDB: tablespace but not the InnoDB log files. See
InnoDB: http://dev.mysql.com/doc/refman/5.6/en/forcing-innodb-recovery.html
InnoDB: for more information.
2021-05-03 14:29:09 6064 [Note] InnoDB: 128 rollback segment(s) are active.
2021-05-03 14:29:09 6064 [Note] InnoDB: Waiting for purge to start
2021-05-03 14:29:09 6064 [Note] InnoDB: 5.6.34 started; log sequence number 1626636
2021-05-03 14:29:09 6064 [Warning] No existing UUID has been found, so we assume that this is the first time that this server has been started. Generating a new UUID: 28e33be4-ac0b-11eb-8f64-107b445029bb.
2021-05-03 14:29:09 6064 [Note] Server hostname (bind-address): '*'; port: 3306
2021-05-03 14:29:09 6064 [Note] IPv6 is available.
2021-05-03 14:29:09 6064 [Note]   - '::' resolves to '::';
2021-05-03 14:29:09 6064 [Note] Server socket created on IP: '::'.
2021-05-03 14:29:09 6064 [Note] Event Scheduler: Loaded 0 events
2021-05-03 14:29:09 6064 [Note] G:\usbwebserver/mysql/bin/mysqld_usbwv8.exe: ready for connections.
Version: '5.6.34'  socket: ''  port: 3306  MySQL Community Server (GPL)
2021-05-03 14:29:21 1128 [Note] Plugin 'FEDERATED' is disabled.
2021-05-03 14:29:21 1128 [Note] InnoDB: Using atomics to ref count buffer pool pages
2021-05-03 14:29:21 1128 [Note] InnoDB: The InnoDB memory heap is disabled
2021-05-03 14:29:21 1128 [Note] InnoDB: Mutexes and rw_locks use Windows interlocked functions
2021-05-03 14:29:21 1128 [Note] InnoDB: Memory barrier is not used
2021-05-03 14:29:21 1128 [Note] InnoDB: Compressed tables use zlib 1.2.3
2021-05-03 14:29:21 1128 [Note] InnoDB: Not using CPU crc32 instructions
2021-05-03 14:29:21 1128 [Note] InnoDB: Initializing buffer pool, size = 128.0M
2021-05-03 14:29:21 1128 [Note] InnoDB: Completed initialization of buffer pool
2021-05-03 14:29:21 1128 [Note] InnoDB: Highest supported file format is Barracuda.
2021-05-03 14:29:21 1128 [Note] InnoDB: The log sequence numbers 1626134 and 1626134 in ibdata files do not match the log sequence number 1626646 in the ib_logfiles!
2021-05-03 14:29:21 1128 [Note] InnoDB: Database was not shutdown normally!
2021-05-03 14:29:21 1128 [Note] InnoDB: Starting crash recovery.
2021-05-03 14:29:21 1128 [Note] InnoDB: Reading tablespace information from the .ibd files...
2021-05-03 14:29:21 1128 [Note] InnoDB: Restoring possible half-written data pages 
2021-05-03 14:29:21 1128 [Note] InnoDB: from the doublewrite buffer...
2021-05-03 14:29:22 1128 [Note] InnoDB: 128 rollback segment(s) are active.
2021-05-03 14:29:22 1128 [Note] InnoDB: Waiting for purge to start
2021-05-03 14:29:22 1128 [Note] InnoDB: 5.6.34 started; log sequence number 1626646
2021-05-03 14:29:22 1128 [Note] Server hostname (bind-address): '*'; port: 3306
2021-05-03 14:29:22 1128 [Note] IPv6 is available.
2021-05-03 14:29:22 1128 [Note]   - '::' resolves to '::';
2021-05-03 14:29:22 1128 [Note] Server socket created on IP: '::'.
2021-05-03 14:32:11 10220 [Note] Plugin 'FEDERATED' is disabled.
2021-05-03 14:32:11 10220 [Note] InnoDB: Using atomics to ref count buffer pool pages
2021-05-03 14:32:11 10220 [Note] InnoDB: The InnoDB memory heap is disabled
2021-05-03 14:32:11 10220 [Note] InnoDB: Mutexes and rw_locks use Windows interlocked functions
2021-05-03 14:32:11 10220 [Note] InnoDB: Memory barrier is not used
2021-05-03 14:32:11 10220 [Note] InnoDB: Compressed tables use zlib 1.2.3
2021-05-03 14:32:11 10220 [Note] InnoDB: Not using CPU crc32 instructions
2021-05-03 14:32:11 10220 [Note] InnoDB: Initializing buffer pool, size = 128.0M
2021-05-03 14:32:11 10220 [Note] InnoDB: Completed initialization of buffer pool
2021-05-03 14:32:11 10220 [Note] InnoDB: Highest supported file format is Barracuda.
2021-05-03 14:32:11 10220 [Note] InnoDB: Log scan progressed past the checkpoint lsn 1626646
2021-05-03 14:32:11 10220 [Note] InnoDB: Database was not shutdown normally!
2021-05-03 14:32:11 10220 [Note] InnoDB: Starting crash recovery.
2021-05-03 14:32:11 10220 [Note] InnoDB: Reading tablespace information from the .ibd files...
2021-05-03 14:32:11 10220 [Note] InnoDB: Restoring possible half-written data pages 
2021-05-03 14:32:11 10220 [Note] InnoDB: from the doublewrite buffer...
InnoDB: Doing recovery: scanned up to log sequence number 1626656
2021-05-03 14:32:11 10220 [Note] InnoDB: 128 rollback segment(s) are active.
2021-05-03 14:32:11 10220 [Note] InnoDB: Waiting for purge to start
2021-05-03 14:32:11 10220 [Note] InnoDB: 5.6.34 started; log sequence number 1626656
2021-05-03 14:32:11 10220 [Note] Server hostname (bind-address): '*'; port: 3306
2021-05-03 14:32:11 10220 [Note] IPv6 is available.
2021-05-03 14:32:11 10220 [Note]   - '::' resolves to '::';
2021-05-03 14:32:11 10220 [Note] Server socket created on IP: '::'.
2021-05-03 14:32:23 13296 [Note] Plugin 'FEDERATED' is disabled.
2021-05-03 14:32:23 13296 [Note] InnoDB: Using atomics to ref count buffer pool pages
2021-05-03 14:32:23 13296 [Note] InnoDB: The InnoDB memory heap is disabled
2021-05-03 14:32:23 13296 [Note] InnoDB: Mutexes and rw_locks use Windows interlocked functions
2021-05-03 14:32:23 13296 [Note] InnoDB: Memory barrier is not used
2021-05-03 14:32:23 13296 [Note] InnoDB: Compressed tables use zlib 1.2.3
2021-05-03 14:32:23 13296 [Note] InnoDB: Not using CPU crc32 instructions
2021-05-03 14:32:23 13296 [Note] InnoDB: Initializing buffer pool, size = 128.0M
2021-05-03 14:32:23 13296 [Note] InnoDB: Completed initialization of buffer pool
2021-05-03 14:32:23 13296 [Note] InnoDB: Highest supported file format is Barracuda.
2021-05-03 14:32:23 13296 [Note] InnoDB: The log sequence numbers 1626134 and 1626134 in ibdata files do not match the log sequence number 1626666 in the ib_logfiles!
2021-05-03 14:32:23 13296 [Note] InnoDB: Database was not shutdown normally!
2021-05-03 14:32:23 13296 [Note] InnoDB: Starting crash recovery.
2021-05-03 14:32:23 13296 [Note] InnoDB: Reading tablespace information from the .ibd files...
2021-05-03 14:32:23 13296 [Note] InnoDB: Restoring possible half-written data pages 
2021-05-03 14:32:23 13296 [Note] InnoDB: from the doublewrite buffer...
2021-05-03 14:32:23 13296 [Note] InnoDB: 128 rollback segment(s) are active.
2021-05-03 14:32:23 13296 [Note] InnoDB: Waiting for purge to start
2021-05-03 14:32:23 13296 [Note] InnoDB: 5.6.34 started; log sequence number 1626666
2021-05-03 14:32:23 13296 [Note] Server hostname (bind-address): '*'; port: 3306
2021-05-03 14:32:23 13296 [Note] IPv6 is available.
2021-05-03 14:32:23 13296 [Note]   - '::' resolves to '::';
2021-05-03 14:32:23 13296 [Note] Server socket created on IP: '::'.
2021-05-03 14:32:30 15072 [Note] Plugin 'FEDERATED' is disabled.
2021-05-03 14:32:30 15072 [Note] InnoDB: Using atomics to ref count buffer pool pages
2021-05-03 14:32:30 15072 [Note] InnoDB: The InnoDB memory heap is disabled
2021-05-03 14:32:30 15072 [Note] InnoDB: Mutexes and rw_locks use Windows interlocked functions
2021-05-03 14:32:30 15072 [Note] InnoDB: Memory barrier is not used
2021-05-03 14:32:30 15072 [Note] InnoDB: Compressed tables use zlib 1.2.3
2021-05-03 14:32:30 15072 [Note] InnoDB: Not using CPU crc32 instructions
2021-05-03 14:32:30 15072 [Note] InnoDB: Initializing buffer pool, size = 128.0M
2021-05-03 14:32:30 15072 [Note] InnoDB: Completed initialization of buffer pool
2021-05-03 14:32:30 15072 [Note] InnoDB: Highest supported file format is Barracuda.
2021-05-03 14:32:30 15072 [Note] InnoDB: The log sequence numbers 1626134 and 1626134 in ibdata files do not match the log sequence number 1626676 in the ib_logfiles!
2021-05-03 14:32:30 15072 [Note] InnoDB: Database was not shutdown normally!
2021-05-03 14:32:30 15072 [Note] InnoDB: Starting crash recovery.
2021-05-03 14:32:30 15072 [Note] InnoDB: Reading tablespace information from the .ibd files...
2021-05-03 14:32:30 15072 [Note] InnoDB: Restoring possible half-written data pages 
2021-05-03 14:32:30 15072 [Note] InnoDB: from the doublewrite buffer...
2021-05-03 14:32:31 15072 [Note] InnoDB: 128 rollback segment(s) are active.
2021-05-03 14:32:31 15072 [Note] InnoDB: Waiting for purge to start
2021-05-03 14:32:31 15072 [Note] InnoDB: 5.6.34 started; log sequence number 1626676
2021-05-03 14:32:31 15072 [Note] Server hostname (bind-address): '*'; port: 3306
2021-05-03 14:32:31 15072 [Note] IPv6 is available.
2021-05-03 14:32:31 15072 [Note]   - '::' resolves to '::';
2021-05-03 14:32:31 15072 [Note] Server socket created on IP: '::'.
2021-05-03 14:32:33 14780 [Note] Plugin 'FEDERATED' is disabled.
2021-05-03 14:32:33 14780 [Note] InnoDB: Using atomics to ref count buffer pool pages
2021-05-03 14:32:33 14780 [Note] InnoDB: The InnoDB memory heap is disabled
2021-05-03 14:32:33 14780 [Note] InnoDB: Mutexes and rw_locks use Windows interlocked functions
2021-05-03 14:32:33 14780 [Note] InnoDB: Memory barrier is not used
2021-05-03 14:32:33 14780 [Note] InnoDB: Compressed tables use zlib 1.2.3
2021-05-03 14:32:33 14780 [Note] InnoDB: Not using CPU crc32 instructions
2021-05-03 14:32:33 14780 [Note] InnoDB: Initializing buffer pool, size = 128.0M
2021-05-03 14:32:33 14780 [Note] InnoDB: Completed initialization of buffer pool
2021-05-03 14:32:33 14780 [Note] InnoDB: Highest supported file format is Barracuda.
2021-05-03 14:32:33 14780 [Note] InnoDB: Log scan progressed past the checkpoint lsn 1626676
2021-05-03 14:32:33 14780 [Note] InnoDB: Database was not shutdown normally!
2021-05-03 14:32:33 14780 [Note] InnoDB: Starting crash recovery.
2021-05-03 14:32:33 14780 [Note] InnoDB: Reading tablespace information from the .ibd files...
2021-05-03 14:32:33 14780 [Note] InnoDB: Restoring possible half-written data pages 
2021-05-03 14:32:33 14780 [Note] InnoDB: from the doublewrite buffer...
InnoDB: Doing recovery: scanned up to log sequence number 1626686
2021-05-03 14:32:33 14780 [Note] InnoDB: 128 rollback segment(s) are active.
2021-05-03 14:32:33 14780 [Note] InnoDB: Waiting for purge to start
2021-05-03 14:32:33 14780 [Note] InnoDB: 5.6.34 started; log sequence number 1626686
2021-05-03 14:32:33 14780 [Note] Server hostname (bind-address): '*'; port: 3306
2021-05-03 14:32:33 14780 [Note] IPv6 is available.
2021-05-03 14:32:33 14780 [Note]   - '::' resolves to '::';
2021-05-03 14:32:33 14780 [Note] Server socket created on IP: '::'.
2021-05-03 14:47:44 1068 [Note] Plugin 'FEDERATED' is disabled.
2021-05-03 14:47:44 1068 [Note] InnoDB: Using atomics to ref count buffer pool pages
2021-05-03 14:47:44 1068 [Note] InnoDB: The InnoDB memory heap is disabled
2021-05-03 14:47:44 1068 [Note] InnoDB: Mutexes and rw_locks use Windows interlocked functions
2021-05-03 14:47:44 1068 [Note] InnoDB: Memory barrier is not used
2021-05-03 14:47:44 1068 [Note] InnoDB: Compressed tables use zlib 1.2.3
2021-05-03 14:47:44 1068 [Note] InnoDB: Not using CPU crc32 instructions
2021-05-03 14:47:44 1068 [Note] InnoDB: Initializing buffer pool, size = 128.0M
2021-05-03 14:47:44 1068 [Note] InnoDB: Completed initialization of buffer pool
2021-05-03 14:47:44 1068 [Note] InnoDB: Highest supported file format is Barracuda.
2021-05-03 14:47:44 1068 [Note] InnoDB: The log sequence numbers 1626134 and 1626134 in ibdata files do not match the log sequence number 1626696 in the ib_logfiles!
2021-05-03 14:47:44 1068 [Note] InnoDB: Database was not shutdown normally!
2021-05-03 14:47:44 1068 [Note] InnoDB: Starting crash recovery.
2021-05-03 14:47:44 1068 [Note] InnoDB: Reading tablespace information from the .ibd files...
2021-05-03 14:47:44 1068 [Note] InnoDB: Restoring possible half-written data pages 
2021-05-03 14:47:44 1068 [Note] InnoDB: from the doublewrite buffer...
2021-05-03 14:47:45 1068 [Note] InnoDB: 128 rollback segment(s) are active.
2021-05-03 14:47:45 1068 [Note] InnoDB: Waiting for purge to start
2021-05-03 14:47:45 1068 [Note] InnoDB: 5.6.34 started; log sequence number 1626696
2021-05-03 14:47:45 1068 [Note] Server hostname (bind-address): '*'; port: 3306
2021-05-03 14:47:45 1068 [Note] IPv6 is available.
2021-05-03 14:47:45 1068 [Note]   - '::' resolves to '::';
2021-05-03 14:47:45 1068 [Note] Server socket created on IP: '::'.
2021-05-03 14:53:35 7536 [Note] Plugin 'FEDERATED' is disabled.
2021-05-03 14:53:35 7536 [Note] InnoDB: Using atomics to ref count buffer pool pages
2021-05-03 14:53:35 7536 [Note] InnoDB: The InnoDB memory heap is disabled
2021-05-03 14:53:35 7536 [Note] InnoDB: Mutexes and rw_locks use Windows interlocked functions
2021-05-03 14:53:35 7536 [Note] InnoDB: Memory barrier is not used
2021-05-03 14:53:35 7536 [Note] InnoDB: Compressed tables use zlib 1.2.3
2021-05-03 14:53:35 7536 [Note] InnoDB: Not using CPU crc32 instructions
2021-05-03 14:53:35 7536 [Note] InnoDB: Initializing buffer pool, size = 128.0M
2021-05-03 14:53:35 7536 [Note] InnoDB: Completed initialization of buffer pool
2021-05-03 14:53:35 7536 [Note] InnoDB: Highest supported file format is Barracuda.
2021-05-03 14:53:35 7536 [Note] InnoDB: The log sequence numbers 1626134 and 1626134 in ibdata files do not match the log sequence number 1626706 in the ib_logfiles!
2021-05-03 14:53:35 7536 [Note] InnoDB: Database was not shutdown normally!
2021-05-03 14:53:35 7536 [Note] InnoDB: Starting crash recovery.
2021-05-03 14:53:35 7536 [Note] InnoDB: Reading tablespace information from the .ibd files...
2021-05-03 14:53:35 7536 [Note] InnoDB: Restoring possible half-written data pages 
2021-05-03 14:53:35 7536 [Note] InnoDB: from the doublewrite buffer...
2021-05-03 14:53:35 7536 [Note] InnoDB: 128 rollback segment(s) are active.
2021-05-03 14:53:35 7536 [Note] InnoDB: Waiting for purge to start
2021-05-03 14:53:35 7536 [Note] InnoDB: 5.6.34 started; log sequence number 1626706
2021-05-03 14:53:35 7536 [Note] Server hostname (bind-address): '*'; port: 3306
2021-05-03 14:53:35 7536 [Note] IPv6 is available.
2021-05-03 14:53:35 7536 [Note]   - '::' resolves to '::';
2021-05-03 14:53:35 7536 [Note] Server socket created on IP: '::'.
2021-05-11 12:20:51 10984 [Note] Plugin 'FEDERATED' is disabled.
2021-05-11 12:20:51 10984 [Note] InnoDB: Using atomics to ref count buffer pool pages
2021-05-11 12:20:51 10984 [Note] InnoDB: The InnoDB memory heap is disabled
2021-05-11 12:20:51 10984 [Note] InnoDB: Mutexes and rw_locks use Windows interlocked functions
2021-05-11 12:20:51 10984 [Note] InnoDB: Memory barrier is not used
2021-05-11 12:20:51 10984 [Note] InnoDB: Compressed tables use zlib 1.2.3
2021-05-11 12:20:51 10984 [Note] InnoDB: Not using CPU crc32 instructions
2021-05-11 12:20:51 10984 [Note] InnoDB: Initializing buffer pool, size = 128.0M
2021-05-11 12:20:51 10984 [Note] InnoDB: Completed initialization of buffer pool
2021-05-11 12:20:51 10984 [Note] InnoDB: Highest supported file format is Barracuda.
2021-05-11 12:20:51 10984 [Note] InnoDB: The log sequence numbers 1626134 and 1626134 in ibdata files do not match the log sequence number 1626716 in the ib_logfiles!
2021-05-11 12:20:51 10984 [Note] InnoDB: Database was not shutdown normally!
2021-05-11 12:20:51 10984 [Note] InnoDB: Starting crash recovery.
2021-05-11 12:20:51 10984 [Note] InnoDB: Reading tablespace information from the .ibd files...
2021-05-11 12:20:52 10984 [Note] InnoDB: Restoring possible half-written data pages 
2021-05-11 12:20:52 10984 [Note] InnoDB: from the doublewrite buffer...
2021-05-11 12:20:52 10984 [Note] InnoDB: 128 rollback segment(s) are active.
2021-05-11 12:20:52 10984 [Note] InnoDB: Waiting for purge to start
2021-05-11 12:20:52 10984 [Note] InnoDB: 5.6.34 started; log sequence number 1626716
2021-05-11 12:20:52 10984 [Note] Server hostname (bind-address): '*'; port: 3306
2021-05-11 12:20:52 10984 [Note] IPv6 is available.
2021-05-11 12:20:52 10984 [Note]   - '::' resolves to '::';
2021-05-11 12:20:52 10984 [Note] Server socket created on IP: '::'.
2021-05-11 19:40:39 5284 [Note] Plugin 'FEDERATED' is disabled.
2021-05-11 19:40:39 5284 [Note] InnoDB: Using atomics to ref count buffer pool pages
2021-05-11 19:40:39 5284 [Note] InnoDB: The InnoDB memory heap is disabled
2021-05-11 19:40:39 5284 [Note] InnoDB: Mutexes and rw_locks use Windows interlocked functions
2021-05-11 19:40:39 5284 [Note] InnoDB: Memory barrier is not used
2021-05-11 19:40:39 5284 [Note] InnoDB: Compressed tables use zlib 1.2.3
2021-05-11 19:40:39 5284 [Note] InnoDB: Not using CPU crc32 instructions
2021-05-11 19:40:39 5284 [Note] InnoDB: Initializing buffer pool, size = 128.0M
2021-05-11 19:40:39 5284 [Note] InnoDB: Completed initialization of buffer pool
2021-05-11 19:40:39 5284 [Note] InnoDB: Highest supported file format is Barracuda.
2021-05-11 19:40:39 5284 [Note] InnoDB: The log sequence numbers 1626134 and 1626134 in ibdata files do not match the log sequence number 1626726 in the ib_logfiles!
2021-05-11 19:40:39 5284 [Note] InnoDB: Database was not shutdown normally!
2021-05-11 19:40:39 5284 [Note] InnoDB: Starting crash recovery.
2021-05-11 19:40:39 5284 [Note] InnoDB: Reading tablespace information from the .ibd files...
2021-05-11 19:40:39 5284 [Note] InnoDB: Restoring possible half-written data pages 
2021-05-11 19:40:39 5284 [Note] InnoDB: from the doublewrite buffer...
2021-05-11 19:40:40 5284 [Note] InnoDB: 128 rollback segment(s) are active.
2021-05-11 19:40:40 5284 [Note] InnoDB: Waiting for purge to start
2021-05-11 19:40:40 5284 [Note] InnoDB: 5.6.34 started; log sequence number 1626726
2021-05-11 19:40:40 5284 [Note] Server hostname (bind-address): '*'; port: 3306
2021-05-11 19:40:40 5284 [Note] IPv6 is available.
2021-05-11 19:40:40 5284 [Note]   - '::' resolves to '::';
2021-05-11 19:40:40 5284 [Note] Server socket created on IP: '::'.
2021-05-17 15:20:08 15232 [Note] Plugin 'FEDERATED' is disabled.
2021-05-17 15:20:08 15232 [Note] InnoDB: Using atomics to ref count buffer pool pages
2021-05-17 15:20:08 15232 [Note] InnoDB: The InnoDB memory heap is disabled
2021-05-17 15:20:08 15232 [Note] InnoDB: Mutexes and rw_locks use Windows interlocked functions
2021-05-17 15:20:08 15232 [Note] InnoDB: Memory barrier is not used
2021-05-17 15:20:08 15232 [Note] InnoDB: Compressed tables use zlib 1.2.3
2021-05-17 15:20:08 15232 [Note] InnoDB: Not using CPU crc32 instructions
2021-05-17 15:20:08 15232 [Note] InnoDB: Initializing buffer pool, size = 128.0M
2021-05-17 15:20:08 15232 [Note] InnoDB: Completed initialization of buffer pool
2021-05-17 15:20:08 15232 [Note] InnoDB: Highest supported file format is Barracuda.
2021-05-17 15:20:08 15232 [Note] InnoDB: The log sequence numbers 1626134 and 1626134 in ibdata files do not match the log sequence number 1626736 in the ib_logfiles!
2021-05-17 15:20:08 15232 [Note] InnoDB: Database was not shutdown normally!
2021-05-17 15:20:08 15232 [Note] InnoDB: Starting crash recovery.
2021-05-17 15:20:08 15232 [Note] InnoDB: Reading tablespace information from the .ibd files...
2021-05-17 15:20:08 15232 [Note] InnoDB: Restoring possible half-written data pages 
2021-05-17 15:20:08 15232 [Note] InnoDB: from the doublewrite buffer...
2021-05-17 15:20:08 15232 [Note] InnoDB: 128 rollback segment(s) are active.
2021-05-17 15:20:08 15232 [Note] InnoDB: Waiting for purge to start
2021-05-17 15:20:08 15232 [Note] InnoDB: 5.6.34 started; log sequence number 1626736
2021-05-17 15:20:08 15232 [Note] Server hostname (bind-address): '*'; port: 3306
2021-05-17 15:20:08 15232 [Note] IPv6 is available.
2021-05-17 15:20:08 15232 [Note]   - '::' resolves to '::';
2021-05-17 15:20:08 15232 [Note] Server socket created on IP: '::'.
2021-07-04 23:54:39 3884 [Note] Plugin 'FEDERATED' is disabled.
2021-07-04 23:54:39 3884 [Note] InnoDB: Using atomics to ref count buffer pool pages
2021-07-04 23:54:39 3884 [Note] InnoDB: The InnoDB memory heap is disabled
2021-07-04 23:54:39 3884 [Note] InnoDB: Mutexes and rw_locks use Windows interlocked functions
2021-07-04 23:54:39 3884 [Note] InnoDB: Memory barrier is not used
2021-07-04 23:54:39 3884 [Note] InnoDB: Compressed tables use zlib 1.2.3
2021-07-04 23:54:39 3884 [Note] InnoDB: Not using CPU crc32 instructions
2021-07-04 23:54:39 3884 [Note] InnoDB: Initializing buffer pool, size = 128.0M
2021-07-04 23:54:39 3884 [Note] InnoDB: Completed initialization of buffer pool
2021-07-04 23:54:39 3884 [Note] InnoDB: Highest supported file format is Barracuda.
2021-07-04 23:54:39 3884 [Note] InnoDB: The log sequence numbers 1626134 and 1626134 in ibdata files do not match the log sequence number 1626746 in the ib_logfiles!
2021-07-04 23:54:39 3884 [Note] InnoDB: Database was not shutdown normally!
2021-07-04 23:54:39 3884 [Note] InnoDB: Starting crash recovery.
2021-07-04 23:54:39 3884 [Note] InnoDB: Reading tablespace information from the .ibd files...
2021-07-04 23:54:39 3884 [Note] InnoDB: Restoring possible half-written data pages 
2021-07-04 23:54:39 3884 [Note] InnoDB: from the doublewrite buffer...
2021-07-04 23:54:40 3884 [Note] InnoDB: 128 rollback segment(s) are active.
2021-07-04 23:54:40 3884 [Note] InnoDB: Waiting for purge to start
2021-07-04 23:54:40 3884 [Note] InnoDB: 5.6.34 started; log sequence number 1626746
2021-07-04 23:54:40 3884 [Note] Server hostname (bind-address): '*'; port: 3306
2021-07-04 23:54:40 3884 [Note] IPv6 is available.
2021-07-04 23:54:40 3884 [Note]   - '::' resolves to '::';
2021-07-04 23:54:40 3884 [Note] Server socket created on IP: '::'.
2021-07-04 23:56:49 14260 [Note] Plugin 'FEDERATED' is disabled.
2021-07-04 23:56:49 14260 [Note] InnoDB: Using atomics to ref count buffer pool pages
2021-07-04 23:56:49 14260 [Note] InnoDB: The InnoDB memory heap is disabled
2021-07-04 23:56:49 14260 [Note] InnoDB: Mutexes and rw_locks use Windows interlocked functions
2021-07-04 23:56:49 14260 [Note] InnoDB: Memory barrier is not used
2021-07-04 23:56:49 14260 [Note] InnoDB: Compressed tables use zlib 1.2.3
2021-07-04 23:56:49 14260 [Note] InnoDB: Not using CPU crc32 instructions
2021-07-04 23:56:49 14260 [Note] InnoDB: Initializing buffer pool, size = 128.0M
2021-07-04 23:56:49 14260 [Note] InnoDB: Completed initialization of buffer pool
2021-07-04 23:56:49 14260 [Note] InnoDB: Highest supported file format is Barracuda.
2021-07-04 23:56:49 14260 [Note] InnoDB: The log sequence numbers 1626134 and 1626134 in ibdata files do not match the log sequence number 1626756 in the ib_logfiles!
2021-07-04 23:56:49 14260 [Note] InnoDB: Database was not shutdown normally!
2021-07-04 23:56:49 14260 [Note] InnoDB: Starting crash recovery.
2021-07-04 23:56:49 14260 [Note] InnoDB: Reading tablespace information from the .ibd files...
2021-07-04 23:56:49 14260 [Note] InnoDB: Restoring possible half-written data pages 
2021-07-04 23:56:49 14260 [Note] InnoDB: from the doublewrite buffer...
2021-07-04 23:56:49 14260 [Note] InnoDB: 128 rollback segment(s) are active.
2021-07-04 23:56:49 14260 [Note] InnoDB: Waiting for purge to start
2021-07-04 23:56:49 14260 [Note] InnoDB: 5.6.34 started; log sequence number 1626756
2021-07-04 23:56:49 14260 [Note] Server hostname (bind-address): '*'; port: 3306
2021-07-04 23:56:49 14260 [Note] IPv6 is available.
2021-07-04 23:56:49 14260 [Note]   - '::' resolves to '::';
2021-07-04 23:56:49 14260 [Note] Server socket created on IP: '::'.
2021-07-04 23:57:54 9308 [Note] Plugin 'FEDERATED' is disabled.
2021-07-04 23:57:54 9308 [Note] InnoDB: Using atomics to ref count buffer pool pages
2021-07-04 23:57:54 9308 [Note] InnoDB: The InnoDB memory heap is disabled
2021-07-04 23:57:54 9308 [Note] InnoDB: Mutexes and rw_locks use Windows interlocked functions
2021-07-04 23:57:54 9308 [Note] InnoDB: Memory barrier is not used
2021-07-04 23:57:54 9308 [Note] InnoDB: Compressed tables use zlib 1.2.3
2021-07-04 23:57:54 9308 [Note] InnoDB: Not using CPU crc32 instructions
2021-07-04 23:57:54 9308 [Note] InnoDB: Initializing buffer pool, size = 128.0M
2021-07-04 23:57:54 9308 [Note] InnoDB: Completed initialization of buffer pool
2021-07-04 23:57:54 9308 [Note] InnoDB: Highest supported file format is Barracuda.
2021-07-04 23:57:54 9308 [Note] InnoDB: The log sequence numbers 1626134 and 1626134 in ibdata files do not match the log sequence number 1626766 in the ib_logfiles!
2021-07-04 23:57:54 9308 [Note] InnoDB: Database was not shutdown normally!
2021-07-04 23:57:54 9308 [Note] InnoDB: Starting crash recovery.
2021-07-04 23:57:54 9308 [Note] InnoDB: Reading tablespace information from the .ibd files...
2021-07-04 23:57:54 9308 [Note] InnoDB: Restoring possible half-written data pages 
2021-07-04 23:57:54 9308 [Note] InnoDB: from the doublewrite buffer...
2021-07-04 23:57:54 9308 [Note] InnoDB: 128 rollback segment(s) are active.
2021-07-04 23:57:54 9308 [Note] InnoDB: Waiting for purge to start
2021-07-04 23:57:54 9308 [Note] InnoDB: 5.6.34 started; log sequence number 1626766
2021-07-04 23:57:54 9308 [Note] Server hostname (bind-address): '*'; port: 3306
2021-07-04 23:57:54 9308 [Note] IPv6 is available.
2021-07-04 23:57:54 9308 [Note]   - '::' resolves to '::';
2021-07-04 23:57:54 9308 [Note] Server socket created on IP: '::'.
2021-07-05 02:43:57 16364 [Note] Plugin 'FEDERATED' is disabled.
2021-07-05 02:43:57 16364 [Note] InnoDB: Using atomics to ref count buffer pool pages
2021-07-05 02:43:57 16364 [Note] InnoDB: The InnoDB memory heap is disabled
2021-07-05 02:43:57 16364 [Note] InnoDB: Mutexes and rw_locks use Windows interlocked functions
2021-07-05 02:43:57 16364 [Note] InnoDB: Memory barrier is not used
2021-07-05 02:43:57 16364 [Note] InnoDB: Compressed tables use zlib 1.2.3
2021-07-05 02:43:57 16364 [Note] InnoDB: Not using CPU crc32 instructions
2021-07-05 02:43:57 16364 [Note] InnoDB: Initializing buffer pool, size = 128.0M
2021-07-05 02:43:57 16364 [Note] InnoDB: Completed initialization of buffer pool
2021-07-05 02:43:57 16364 [Note] InnoDB: Highest supported file format is Barracuda.
2021-07-05 02:43:57 16364 [Note] InnoDB: The log sequence numbers 1626134 and 1626134 in ibdata files do not match the log sequence number 1626776 in the ib_logfiles!
2021-07-05 02:43:57 16364 [Note] InnoDB: Database was not shutdown normally!
2021-07-05 02:43:57 16364 [Note] InnoDB: Starting crash recovery.
2021-07-05 02:43:57 16364 [Note] InnoDB: Reading tablespace information from the .ibd files...
2021-07-05 02:43:57 16364 [Note] InnoDB: Restoring possible half-written data pages 
2021-07-05 02:43:57 16364 [Note] InnoDB: from the doublewrite buffer...
2021-07-05 02:43:58 16364 [Note] InnoDB: 128 rollback segment(s) are active.
2021-07-05 02:43:58 16364 [Note] InnoDB: Waiting for purge to start
2021-07-05 02:43:58 16364 [Note] InnoDB: 5.6.34 started; log sequence number 1626776
2021-07-05 02:43:58 16364 [Note] Server hostname (bind-address): '*'; port: 3306
2021-07-05 02:43:58 16364 [Note] IPv6 is available.
2021-07-05 02:43:58 16364 [Note]   - '::' resolves to '::';
2021-07-05 02:43:58 16364 [Note] Server socket created on IP: '::'.
2021-07-05 02:44:12 13688 [Note] Plugin 'FEDERATED' is disabled.
2021-07-05 02:44:12 13688 [Note] InnoDB: Using atomics to ref count buffer pool pages
2021-07-05 02:44:12 13688 [Note] InnoDB: The InnoDB memory heap is disabled
2021-07-05 02:44:12 13688 [Note] InnoDB: Mutexes and rw_locks use Windows interlocked functions
2021-07-05 02:44:12 13688 [Note] InnoDB: Memory barrier is not used
2021-07-05 02:44:12 13688 [Note] InnoDB: Compressed tables use zlib 1.2.3
2021-07-05 02:44:12 13688 [Note] InnoDB: Not using CPU crc32 instructions
2021-07-05 02:44:12 13688 [Note] InnoDB: Initializing buffer pool, size = 128.0M
2021-07-05 02:44:12 13688 [Note] InnoDB: Completed initialization of buffer pool
2021-07-05 02:44:12 13688 [Note] InnoDB: Highest supported file format is Barracuda.
2021-07-05 02:44:12 13688 [Note] InnoDB: The log sequence numbers 1626134 and 1626134 in ibdata files do not match the log sequence number 1626786 in the ib_logfiles!
2021-07-05 02:44:12 13688 [Note] InnoDB: Database was not shutdown normally!
2021-07-05 02:44:12 13688 [Note] InnoDB: Starting crash recovery.
2021-07-05 02:44:12 13688 [Note] InnoDB: Reading tablespace information from the .ibd files...
2021-07-05 02:44:12 13688 [Note] InnoDB: Restoring possible half-written data pages 
2021-07-05 02:44:12 13688 [Note] InnoDB: from the doublewrite buffer...
2021-07-05 02:44:12 13688 [Note] InnoDB: 128 rollback segment(s) are active.
2021-07-05 02:44:12 13688 [Note] InnoDB: Waiting for purge to start
2021-07-05 02:44:12 13688 [Note] InnoDB: 5.6.34 started; log sequence number 1626786
2021-07-05 02:44:12 13688 [Note] Server hostname (bind-address): '*'; port: 3306
2021-07-05 02:44:12 13688 [Note] IPv6 is available.
2021-07-05 02:44:12 13688 [Note]   - '::' resolves to '::';
2021-07-05 02:44:12 13688 [Note] Server socket created on IP: '::'.
2021-07-05 02:44:24 13016 [Note] Plugin 'FEDERATED' is disabled.
2021-07-05 02:44:24 13016 [Note] InnoDB: Using atomics to ref count buffer pool pages
2021-07-05 02:44:24 13016 [Note] InnoDB: The InnoDB memory heap is disabled
2021-07-05 02:44:24 13016 [Note] InnoDB: Mutexes and rw_locks use Windows interlocked functions
2021-07-05 02:44:24 13016 [Note] InnoDB: Memory barrier is not used
2021-07-05 02:44:24 13016 [Note] InnoDB: Compressed tables use zlib 1.2.3
2021-07-05 02:44:24 13016 [Note] InnoDB: Not using CPU crc32 instructions
2021-07-05 02:44:24 13016 [Note] InnoDB: Initializing buffer pool, size = 128.0M
2021-07-05 02:44:24 13016 [Note] InnoDB: Completed initialization of buffer pool
2021-07-05 02:44:24 13016 [Note] InnoDB: Highest supported file format is Barracuda.
2021-07-05 02:44:24 13016 [Note] InnoDB: The log sequence numbers 1626134 and 1626134 in ibdata files do not match the log sequence number 1626796 in the ib_logfiles!
2021-07-05 02:44:24 13016 [Note] InnoDB: Database was not shutdown normally!
2021-07-05 02:44:24 13016 [Note] InnoDB: Starting crash recovery.
2021-07-05 02:44:24 13016 [Note] InnoDB: Reading tablespace information from the .ibd files...
2021-07-05 02:44:24 13016 [Note] InnoDB: Restoring possible half-written data pages 
2021-07-05 02:44:24 13016 [Note] InnoDB: from the doublewrite buffer...
2021-07-05 02:44:25 13016 [Note] InnoDB: 128 rollback segment(s) are active.
2021-07-05 02:44:25 13016 [Note] InnoDB: Waiting for purge to start
2021-07-05 02:44:25 13016 [Note] InnoDB: 5.6.34 started; log sequence number 1626796
2021-07-05 02:44:25 13016 [Note] Server hostname (bind-address): '*'; port: 3306
2021-07-05 02:44:25 13016 [Note] IPv6 is available.
2021-07-05 02:44:25 13016 [Note]   - '::' resolves to '::';
2021-07-05 02:44:25 13016 [Note] Server socket created on IP: '::'.
2021-07-05 02:44:35 2336 [Note] Plugin 'FEDERATED' is disabled.
2021-07-05 02:44:35 2336 [Note] InnoDB: Using atomics to ref count buffer pool pages
2021-07-05 02:44:35 2336 [Note] InnoDB: The InnoDB memory heap is disabled
2021-07-05 02:44:35 2336 [Note] InnoDB: Mutexes and rw_locks use Windows interlocked functions
2021-07-05 02:44:35 2336 [Note] InnoDB: Memory barrier is not used
2021-07-05 02:44:35 2336 [Note] InnoDB: Compressed tables use zlib 1.2.3
2021-07-05 02:44:35 2336 [Note] InnoDB: Not using CPU crc32 instructions
2021-07-05 02:44:35 2336 [Note] InnoDB: Initializing buffer pool, size = 128.0M
2021-07-05 02:44:35 2336 [Note] InnoDB: Completed initialization of buffer pool
2021-07-05 02:44:35 2336 [Note] InnoDB: Highest supported file format is Barracuda.
2021-07-05 02:44:35 2336 [Note] InnoDB: The log sequence numbers 1626134 and 1626134 in ibdata files do not match the log sequence number 1626806 in the ib_logfiles!
2021-07-05 02:44:35 2336 [Note] InnoDB: Database was not shutdown normally!
2021-07-05 02:44:35 2336 [Note] InnoDB: Starting crash recovery.
2021-07-05 02:44:35 2336 [Note] InnoDB: Reading tablespace information from the .ibd files...
2021-07-05 02:44:35 2336 [Note] InnoDB: Restoring possible half-written data pages 
2021-07-05 02:44:35 2336 [Note] InnoDB: from the doublewrite buffer...
2021-07-05 02:44:35 2336 [Note] InnoDB: 128 rollback segment(s) are active.
2021-07-05 02:44:35 2336 [Note] InnoDB: Waiting for purge to start
2021-07-05 02:44:35 2336 [Note] InnoDB: 5.6.34 started; log sequence number 1626806
2021-07-05 02:44:36 2336 [Note] Server hostname (bind-address): '*'; port: 3306
2021-07-05 02:44:36 2336 [Note] IPv6 is available.
2021-07-05 02:44:36 2336 [Note]   - '::' resolves to '::';
2021-07-05 02:44:36 2336 [Note] Server socket created on IP: '::'.
2021-07-05 02:44:44 12700 [Note] Plugin 'FEDERATED' is disabled.
2021-07-05 02:44:44 12700 [Note] InnoDB: Using atomics to ref count buffer pool pages
2021-07-05 02:44:44 12700 [Note] InnoDB: The InnoDB memory heap is disabled
2021-07-05 02:44:44 12700 [Note] InnoDB: Mutexes and rw_locks use Windows interlocked functions
2021-07-05 02:44:44 12700 [Note] InnoDB: Memory barrier is not used
2021-07-05 02:44:44 12700 [Note] InnoDB: Compressed tables use zlib 1.2.3
2021-07-05 02:44:44 12700 [Note] InnoDB: Not using CPU crc32 instructions
2021-07-05 02:44:44 12700 [Note] InnoDB: Initializing buffer pool, size = 128.0M
2021-07-05 02:44:44 12700 [Note] InnoDB: Completed initialization of buffer pool
2021-07-05 02:44:44 12700 [Note] InnoDB: Highest supported file format is Barracuda.
2021-07-05 02:44:44 12700 [Note] InnoDB: The log sequence numbers 1626134 and 1626134 in ibdata files do not match the log sequence number 1626816 in the ib_logfiles!
2021-07-05 02:44:44 12700 [Note] InnoDB: Database was not shutdown normally!
2021-07-05 02:44:44 12700 [Note] InnoDB: Starting crash recovery.
2021-07-05 02:44:44 12700 [Note] InnoDB: Reading tablespace information from the .ibd files...
2021-07-05 02:44:44 12700 [Note] InnoDB: Restoring possible half-written data pages 
2021-07-05 02:44:44 12700 [Note] InnoDB: from the doublewrite buffer...
2021-07-05 02:44:44 12700 [Note] InnoDB: 128 rollback segment(s) are active.
2021-07-05 02:44:44 12700 [Note] InnoDB: Waiting for purge to start
2021-07-05 02:44:44 12700 [Note] InnoDB: 5.6.34 started; log sequence number 1626816
2021-07-05 02:44:44 12700 [Note] Server hostname (bind-address): '*'; port: 3306
2021-07-05 02:44:44 12700 [Note] IPv6 is available.
2021-07-05 02:44:44 12700 [Note]   - '::' resolves to '::';
2021-07-05 02:44:44 12700 [Note] Server socket created on IP: '::'.
2021-07-05 02:44:53 8748 [Note] Plugin 'FEDERATED' is disabled.
2021-07-05 02:44:53 8748 [Note] InnoDB: Using atomics to ref count buffer pool pages
2021-07-05 02:44:53 8748 [Note] InnoDB: The InnoDB memory heap is disabled
2021-07-05 02:44:53 8748 [Note] InnoDB: Mutexes and rw_locks use Windows interlocked functions
2021-07-05 02:44:53 8748 [Note] InnoDB: Memory barrier is not used
2021-07-05 02:44:53 8748 [Note] InnoDB: Compressed tables use zlib 1.2.3
2021-07-05 02:44:53 8748 [Note] InnoDB: Not using CPU crc32 instructions
2021-07-05 02:44:53 8748 [Note] InnoDB: Initializing buffer pool, size = 128.0M
2021-07-05 02:44:53 8748 [Note] InnoDB: Completed initialization of buffer pool
2021-07-05 02:44:53 8748 [Note] InnoDB: Highest supported file format is Barracuda.
2021-07-05 02:44:53 8748 [Note] InnoDB: The log sequence numbers 1626134 and 1626134 in ibdata files do not match the log sequence number 1626826 in the ib_logfiles!
2021-07-05 02:44:53 8748 [Note] InnoDB: Database was not shutdown normally!
2021-07-05 02:44:53 8748 [Note] InnoDB: Starting crash recovery.
2021-07-05 02:44:53 8748 [Note] InnoDB: Reading tablespace information from the .ibd files...
2021-07-05 02:44:53 8748 [Note] InnoDB: Restoring possible half-written data pages 
2021-07-05 02:44:53 8748 [Note] InnoDB: from the doublewrite buffer...
2021-07-05 02:44:53 8748 [Note] InnoDB: 128 rollback segment(s) are active.
2021-07-05 02:44:53 8748 [Note] InnoDB: Waiting for purge to start
2021-07-05 02:44:53 8748 [Note] InnoDB: 5.6.34 started; log sequence number 1626826
2021-07-05 02:44:53 8748 [Note] Server hostname (bind-address): '*'; port: 3306
2021-07-05 02:44:53 8748 [Note] IPv6 is available.
2021-07-05 02:44:53 8748 [Note]   - '::' resolves to '::';
2021-07-05 02:44:53 8748 [Note] Server socket created on IP: '::'.
2021-07-05 02:45:02 9324 [Note] Plugin 'FEDERATED' is disabled.
2021-07-05 02:45:02 9324 [Note] InnoDB: Using atomics to ref count buffer pool pages
2021-07-05 02:45:02 9324 [Note] InnoDB: The InnoDB memory heap is disabled
2021-07-05 02:45:02 9324 [Note] InnoDB: Mutexes and rw_locks use Windows interlocked functions
2021-07-05 02:45:02 9324 [Note] InnoDB: Memory barrier is not used
2021-07-05 02:45:02 9324 [Note] InnoDB: Compressed tables use zlib 1.2.3
2021-07-05 02:45:02 9324 [Note] InnoDB: Not using CPU crc32 instructions
2021-07-05 02:45:02 9324 [Note] InnoDB: Initializing buffer pool, size = 128.0M
2021-07-05 02:45:02 9324 [Note] InnoDB: Completed initialization of buffer pool
2021-07-05 02:45:02 9324 [Note] InnoDB: Highest supported file format is Barracuda.
2021-07-05 02:45:02 9324 [Note] InnoDB: The log sequence numbers 1626134 and 1626134 in ibdata files do not match the log sequence number 1626836 in the ib_logfiles!
2021-07-05 02:45:02 9324 [Note] InnoDB: Database was not shutdown normally!
2021-07-05 02:45:02 9324 [Note] InnoDB: Starting crash recovery.
2021-07-05 02:45:02 9324 [Note] InnoDB: Reading tablespace information from the .ibd files...
2021-07-05 02:45:02 9324 [Note] InnoDB: Restoring possible half-written data pages 
2021-07-05 02:45:02 9324 [Note] InnoDB: from the doublewrite buffer...
2021-07-05 02:45:02 9324 [Note] InnoDB: 128 rollback segment(s) are active.
2021-07-05 02:45:02 9324 [Note] InnoDB: Waiting for purge to start
2021-07-05 02:45:02 9324 [Note] InnoDB: 5.6.34 started; log sequence number 1626836
2021-07-05 02:45:02 9324 [Note] Server hostname (bind-address): '*'; port: 3306
2021-07-05 02:45:02 9324 [Note] IPv6 is available.
2021-07-05 02:45:02 9324 [Note]   - '::' resolves to '::';
2021-07-05 02:45:02 9324 [Note] Server socket created on IP: '::'.
2021-07-05 16:16:12 9028 [Note] Plugin 'FEDERATED' is disabled.
2021-07-05 16:16:12 9028 [Note] InnoDB: Using atomics to ref count buffer pool pages
2021-07-05 16:16:12 9028 [Note] InnoDB: The InnoDB memory heap is disabled
2021-07-05 16:16:12 9028 [Note] InnoDB: Mutexes and rw_locks use Windows interlocked functions
2021-07-05 16:16:12 9028 [Note] InnoDB: Memory barrier is not used
2021-07-05 16:16:12 9028 [Note] InnoDB: Compressed tables use zlib 1.2.3
2021-07-05 16:16:12 9028 [Note] InnoDB: Not using CPU crc32 instructions
2021-07-05 16:16:12 9028 [Note] InnoDB: Initializing buffer pool, size = 128.0M
2021-07-05 16:16:12 9028 [Note] InnoDB: Completed initialization of buffer pool
2021-07-05 16:16:12 9028 [Note] InnoDB: Highest supported file format is Barracuda.
2021-07-05 16:16:12 9028 [Note] InnoDB: The log sequence numbers 1626134 and 1626134 in ibdata files do not match the log sequence number 1626846 in the ib_logfiles!
2021-07-05 16:16:12 9028 [Note] InnoDB: Database was not shutdown normally!
2021-07-05 16:16:12 9028 [Note] InnoDB: Starting crash recovery.
2021-07-05 16:16:12 9028 [Note] InnoDB: Reading tablespace information from the .ibd files...
2021-07-05 16:16:12 9028 [Note] InnoDB: Restoring possible half-written data pages 
2021-07-05 16:16:12 9028 [Note] InnoDB: from the doublewrite buffer...
2021-07-05 16:16:12 9028 [Note] InnoDB: 128 rollback segment(s) are active.
2021-07-05 16:16:12 9028 [Note] InnoDB: Waiting for purge to start
2021-07-05 16:16:12 9028 [Note] InnoDB: 5.6.34 started; log sequence number 1626846
2021-07-05 16:16:12 9028 [Note] Server hostname (bind-address): '*'; port: 3306
2021-07-05 16:16:12 9028 [Note] IPv6 is available.
2021-07-05 16:16:12 9028 [Note]   - '::' resolves to '::';
2021-07-05 16:16:12 9028 [Note] Server socket created on IP: '::'.
